-------------------------------------------
Batch: 0
-------------------------------------------
+--------------------+-----+
|            customer|score|
+--------------------+-----+
|Jacob.Anderson@te...| 20.0|
|Senthil.Anderson@...|  0.0|
|Santosh.Davis@tes...| 19.5|
|Bobby.Sanchez@tes...| -5.0|
|Ashley.Spencer@te...| -3.0|
| Eric.Ahmed@test.com| -2.0|
|Craig.Clayton@tes...| -2.0|
|Jacob.Khatib@test...| -1.0|
|Spencer.Khatib@te...| -4.0|
|John.Lincoln@test...| -4.5|
|Ben.Sanchez@test.com| -2.5|
|Senthil.Davis@tes...| -3.5|
|Sean.Anandh@test.com| -5.0|
|Suresh.Olson@test...| -3.0|
|Dan.Gonzalez@test...|-11.0|
|Suresh.Lincoln@te...|-32.0|
|Trevor.Aristotle@...|  8.5|
|Edward.Habschied@...| 32.0|
|Ashley.Jackson@te...| -1.0|
|Neeraj.Jones@test...|-19.5|
+--------------------+-----+
only showing top 20 rows

-------------------------------------------
Batch: 1
-------------------------------------------
+--------------------+-----+
|            customer|score|
+--------------------+-----+
|Edward.Habschied@...|-20.5|
|Ashley.Jackson@te...| -2.5|
+--------------------+-----+

-------------------------------------------
Batch: 2
-------------------------------------------
+--------------------+-----+
|            customer|score|
+--------------------+-----+
|Neeraj.Jones@test...|  5.5|
+--------------------+-----+

-------------------------------------------
Batch: 3
-------------------------------------------
+--------------------+-----+
|            customer|score|
+--------------------+-----+
|Ashley.Smith@test...| 16.5|
+--------------------+-----+

-------------------------------------------
Batch: 4
-------------------------------------------
+--------------------+-----+
|            customer|score|
+--------------------+-----+
|Frank.Ahmed@test.com|-43.5|
+--------------------+-----+

-------------------------------------------
Batch: 5
-------------------------------------------
+--------------------+-----+
|            customer|score|
+--------------------+-----+
|Christina.Staples...| -6.5|
+--------------------+-----+

-------------------------------------------
Batch: 6
-------------------------------------------
+--------------------+-----+
|            customer|score|
+--------------------+-----+
|Edward.Jones@test...| 13.0|
+--------------------+-----+

