Spark Command: /usr/lib/jvm/java-8-openjdk-amd64/jre/bin/java -cp /opt/spark-2.3.4-bin-hadoop2.7/conf/:/opt/spark-2.3.4-bin-hadoop2.7/jars/* -Xmx1g org.apache.spark.deploy.master.Master --host 9a2d3bd46193 --port 7077 --webui-port 8080
========================================
2021-08-19 06:28:54 INFO  Master:2612 - Started daemon with process name: 23903@9a2d3bd46193
2021-08-19 06:28:54 INFO  SignalUtils:54 - Registered signal handler for TERM
2021-08-19 06:28:54 INFO  SignalUtils:54 - Registered signal handler for HUP
2021-08-19 06:28:54 INFO  SignalUtils:54 - Registered signal handler for INT
2021-08-19 06:28:55 WARN  NativeCodeLoader:62 - Unable to load native-hadoop library for your platform... using builtin-java classes where applicable
2021-08-19 06:28:55 INFO  SecurityManager:54 - Changing view acls to: root
2021-08-19 06:28:55 INFO  SecurityManager:54 - Changing modify acls to: root
2021-08-19 06:28:55 INFO  SecurityManager:54 - Changing view acls groups to: 
2021-08-19 06:28:55 INFO  SecurityManager:54 - Changing modify acls groups to: 
2021-08-19 06:28:55 INFO  SecurityManager:54 - SecurityManager: authentication disabled; ui acls disabled; users  with view permissions: Set(root); groups with view permissions: Set(); users  with modify permissions: Set(root); groups with modify permissions: Set()
2021-08-19 06:28:56 INFO  Utils:54 - Successfully started service 'sparkMaster' on port 7077.
2021-08-19 06:28:56 INFO  Master:54 - Starting Spark master at spark://9a2d3bd46193:7077
2021-08-19 06:28:56 INFO  Master:54 - Running Spark version 2.3.4
2021-08-19 06:28:56 INFO  log:192 - Logging initialized @3326ms
2021-08-19 06:28:56 INFO  Server:351 - jetty-9.3.z-SNAPSHOT, build timestamp: unknown, git hash: unknown
2021-08-19 06:28:57 INFO  Server:419 - Started @3533ms
2021-08-19 06:28:57 INFO  AbstractConnector:278 - Started ServerConnector@6d65ce2{HTTP/1.1,[http/1.1]}{0.0.0.0:8080}
2021-08-19 06:28:57 INFO  Utils:54 - Successfully started service 'MasterUI' on port 8080.
2021-08-19 06:28:57 INFO  ContextHandler:781 - Started o.s.j.s.ServletContextHandler@31af3316{/app,null,AVAILABLE,@Spark}
2021-08-19 06:28:57 INFO  ContextHandler:781 - Started o.s.j.s.ServletContextHandler@4bf12aa6{/app/json,null,AVAILABLE,@Spark}
2021-08-19 06:28:57 INFO  ContextHandler:781 - Started o.s.j.s.ServletContextHandler@1fd70b1{/,null,AVAILABLE,@Spark}
2021-08-19 06:28:57 INFO  ContextHandler:781 - Started o.s.j.s.ServletContextHandler@511d17cb{/json,null,AVAILABLE,@Spark}
2021-08-19 06:28:57 INFO  ContextHandler:781 - Started o.s.j.s.ServletContextHandler@13fba354{/static,null,AVAILABLE,@Spark}
2021-08-19 06:28:57 INFO  ContextHandler:781 - Started o.s.j.s.ServletContextHandler@5892ed86{/app/kill,null,AVAILABLE,@Spark}
2021-08-19 06:28:57 INFO  ContextHandler:781 - Started o.s.j.s.ServletContextHandler@3caa8367{/driver/kill,null,AVAILABLE,@Spark}
2021-08-19 06:28:57 INFO  MasterWebUI:54 - Bound MasterWebUI to 0.0.0.0, and started at http://9a2d3bd46193:8080
2021-08-19 06:28:57 INFO  Server:351 - jetty-9.3.z-SNAPSHOT, build timestamp: unknown, git hash: unknown
2021-08-19 06:28:57 INFO  ContextHandler:781 - Started o.s.j.s.ServletContextHandler@8065d7d{/,null,AVAILABLE}
2021-08-19 06:28:57 INFO  AbstractConnector:278 - Started ServerConnector@6a221e3{HTTP/1.1,[http/1.1]}{9a2d3bd46193:6066}
2021-08-19 06:28:57 INFO  Server:419 - Started @3928ms
2021-08-19 06:28:57 INFO  Utils:54 - Successfully started service on port 6066.
2021-08-19 06:28:57 INFO  StandaloneRestServer:54 - Started REST server for submitting applications on port 6066
2021-08-19 06:28:57 INFO  ContextHandler:781 - Started o.s.j.s.ServletContextHandler@108e75f{/metrics/master/json,null,AVAILABLE,@Spark}
2021-08-19 06:28:57 INFO  ContextHandler:781 - Started o.s.j.s.ServletContextHandler@587fd72a{/metrics/applications/json,null,AVAILABLE,@Spark}
2021-08-19 06:28:57 INFO  Master:54 - I have been elected leader! New state: ALIVE
2021-08-19 06:29:51 INFO  Master:54 - Registering worker 172.18.0.2:45811 with 2 cores, 6.3 GB RAM
